<?xml version="1.0" encoding="UTF-8"?>
<testng-results ignored="0" total="1" passed="1" failed="0" skipped="0">
  <reporter-output>
  </reporter-output>
  <suite started-at="2022-05-16T08:08:29 IST" name="Suite" finished-at="2022-05-16T08:09:17 IST" duration-ms="48674">
    <groups>
    </groups>
    <test started-at="2022-05-16T08:08:29 IST" name="Test" finished-at="2022-05-16T08:09:17 IST" duration-ms="48674">
      <class name="com.Test.Test_4_brokenlink">
        <test-method is-config="true" signature="BS()[pri:0, instance:com.Test.Test_4_brokenlink@62010f5c]" started-at="2022-05-16T08:08:28 IST" name="BS" finished-at="2022-05-16T08:08:29 IST" duration-ms="641" status="PASS">
          <reporter-output>
          </reporter-output>
        </test-method> <!-- BS -->
        <test-method is-config="true" signature="setUp(java.lang.String)[pri:0, instance:com.Test.Test_4_brokenlink@62010f5c]" started-at="2022-05-16T08:08:29 IST" name="setUp" finished-at="2022-05-16T08:08:33 IST" duration-ms="4308" status="PASS">
          <params>
            <param index="0">
              <value>
                <![CDATA[Chrome]]>
              </value>
            </param>
          </params>
          <reporter-output>
          </reporter-output>
        </test-method> <!-- setUp -->
        <test-method signature="verifybrokenLink()[pri:0, instance:com.Test.Test_4_brokenlink@62010f5c]" started-at="2022-05-16T08:08:33 IST" name="verifybrokenLink" finished-at="2022-05-16T08:09:17 IST" duration-ms="43531" status="PASS">
          <reporter-output>
          </reporter-output>
        </test-method> <!-- verifybrokenLink -->
        <test-method is-config="true" signature="tearDown()[pri:0, instance:com.Test.Test_4_brokenlink@62010f5c]" started-at="2022-05-16T08:09:17 IST" name="tearDown" finished-at="2022-05-16T08:09:17 IST" duration-ms="802" status="PASS">
          <reporter-output>
          </reporter-output>
        </test-method> <!-- tearDown -->
      </class> <!-- com.Test.Test_4_brokenlink -->
    </test> <!-- Test -->
  </suite> <!-- Suite -->
</testng-results>
